# JRE version: OpenJDK Runtime Environment (8.0_152-b02) (build 1.8.0_152-release-1024-b02)
# Java VM: OpenJDK 64-Bit Server VM (25.152-b02 mixed mode windows-amd64 compressed oops)
Heap:
 PSYoungGen      total 192000K, used 45300K [0x00000000e0000000, 0x00000000ed200000, 0x0000000100000000)
  eden space 168960K, 16% used [0x00000000e0000000,0x00000000e1af4d30,0x00000000ea500000)
  from space 23040K, 76% used [0x00000000ea500000,0x00000000eb6486c0,0x00000000ebb80000)
  to   space 22016K, 0% used [0x00000000ebc80000,0x00000000ebc80000,0x00000000ed200000)
 ParOldGen       total 100864K, used 45176K [0x00000000a0000000, 0x00000000a6280000, 0x00000000e0000000)
  object space 100864K, 44% used [0x00000000a0000000,0x00000000a2c1e340,0x00000000a6280000)
 Metaspace       used 80983K, capacity 85228K, committed 85504K, reserved 1124352K
  class space    used 10412K, capacity 11195K, committed 11264K, reserved 1048576K
GC Heap History (10 events):
Event: 1059.712 GC heap before
{Heap before GC invocations=28 (full 3):
 PSYoungGen      total 127488K, used 117399K [0x00000000e0000000, 0x00000000eb980000, 0x0000000100000000)
  eden space 102400K, 99% used [0x00000000e0000000,0x00000000e635db70,0x00000000e6400000)
  from space 25088K, 62% used [0x00000000e7c80000,0x00000000e8bc8160,0x00000000e9500000)
  to   space 25088K, 0% used [0x00000000e6400000,0x00000000e6400000,0x00000000e7c80000)
 ParOldGen       total 100864K, used 35485K [0x00000000a0000000, 0x00000000a6280000, 0x00000000e0000000)
  object space 100864K, 35% used [0x00000000a0000000,0x00000000a22a7508,0x00000000a6280000)
 Metaspace       used 77446K, capacity 81398K, committed 81536K, reserved 1120256K
  class space    used 10114K, capacity 10848K, committed 10880K, reserved 1048576K
Event: 1059.740 GC heap after
Heap after GC invocations=28 (full 3):
 PSYoungGen      total 127488K, used 8296K [0x00000000e0000000, 0x00000000eb080000, 0x0000000100000000)
  eden space 102400K, 0% used [0x00000000e0000000,0x00000000e0000000,0x00000000e6400000)
  from space 25088K, 33% used [0x00000000e6400000,0x00000000e6c1a210,0x00000000e7c80000)
  to   space 24576K, 0% used [0x00000000e9880000,0x00000000e9880000,0x00000000eb080000)
 ParOldGen       total 100864K, used 42468K [0x00000000a0000000, 0x00000000a6280000, 0x00000000e0000000)
  object space 100864K, 42% used [0x00000000a0000000,0x00000000a2979250,0x00000000a6280000)
 Metaspace       used 77446K, capacity 81398K, committed 81536K, reserved 1120256K
  class space    used 10114K, capacity 10848K, committed 10880K, reserved 1048576K
}
Event: 1059.761 GC heap before
{Heap before GC invocations=29 (full 3):
 PSYoungGen      total 127488K, used 110139K [0x00000000e0000000, 0x00000000eb080000, 0x0000000100000000)
  eden space 102400K, 99% used [0x00000000e0000000,0x00000000e6374bd8,0x00000000e6400000)
  from space 25088K, 33% used [0x00000000e6400000,0x00000000e6c1a210,0x00000000e7c80000)
  to   space 24576K, 0% used [0x00000000e9880000,0x00000000e9880000,0x00000000eb080000)
 ParOldGen       total 100864K, used 42468K [0x00000000a0000000, 0x00000000a6280000, 0x00000000e0000000)
  object space 100864K, 42% used [0x00000000a0000000,0x00000000a2979250,0x00000000a6280000)
 Metaspace       used 77447K, capacity 81398K, committed 81536K, reserved 1120256K
  class space    used 10114K, capacity 10848K, committed 10880K, reserved 1048576K
Event: 1059.777 GC heap after
Heap after GC invocations=29 (full 3):
 PSYoungGen      total 156160K, used 6436K [0x00000000e0000000, 0x00000000eb000000, 0x0000000100000000)
  eden space 132096K, 0% used [0x00000000e0000000,0x00000000e0000000,0x00000000e8100000)
  from space 24064K, 26% used [0x00000000e9880000,0x00000000e9ec9230,0x00000000eb000000)
  to   space 24064K, 0% used [0x00000000e8100000,0x00000000e8100000,0x00000000e9880000)
 ParOldGen       total 100864K, used 44296K [0x00000000a0000000, 0x00000000a6280000, 0x00000000e0000000)
  object space 100864K, 43% used [0x00000000a0000000,0x00000000a2b42310,0x00000000a6280000)
 Metaspace       used 77447K, capacity 81398K, committed 81536K, reserved 1120256K
  class space    used 10114K, capacity 10848K, committed 10880K, reserved 1048576K
}
Event: 1246.061 GC heap before
{Heap before GC invocations=30 (full 3):
 PSYoungGen      total 156160K, used 138532K [0x00000000e0000000, 0x00000000eb000000, 0x0000000100000000)
  eden space 132096K, 100% used [0x00000000e0000000,0x00000000e8100000,0x00000000e8100000)
  from space 24064K, 26% used [0x00000000e9880000,0x00000000e9ec9230,0x00000000eb000000)
  to   space 24064K, 0% used [0x00000000e8100000,0x00000000e8100000,0x00000000e9880000)
 ParOldGen       total 100864K, used 44296K [0x00000000a0000000, 0x00000000a6280000, 0x00000000e0000000)
  object space 100864K, 43% used [0x00000000a0000000,0x00000000a2b42310,0x00000000a6280000)
 Metaspace       used 77764K, capacity 81792K, committed 81920K, reserved 1120256K
  class space    used 10137K, capacity 10891K, committed 11008K, reserved 1048576K
Event: 1246.075 GC heap after
Heap after GC invocations=30 (full 3):
 PSYoungGen      total 156160K, used 5673K [0x00000000e0000000, 0x00000000ed380000, 0x0000000100000000)
  eden space 132096K, 0% used [0x00000000e0000000,0x00000000e0000000,0x00000000e8100000)
  from space 24064K, 23% used [0x00000000e8100000,0x00000000e868a6a8,0x00000000e9880000)
  to   space 23552K, 0% used [0x00000000ebc80000,0x00000000ebc80000,0x00000000ed380000)
 ParOldGen       total 100864K, used 45048K [0x00000000a0000000, 0x00000000a6280000, 0x00000000e0000000)
  object space 100864K, 44% used [0x00000000a0000000,0x00000000a2bfe340,0x00000000a6280000)
 Metaspace       used 77764K, capacity 81792K, committed 81920K, reserved 1120256K
  class space    used 10137K, capacity 10891K, committed 11008K, reserved 1048576K
}
Event: 3502.908 GC heap before
{Heap before GC invocations=31 (full 3):
 PSYoungGen      total 156160K, used 137769K [0x00000000e0000000, 0x00000000ed380000, 0x0000000100000000)
  eden space 132096K, 100% used [0x00000000e0000000,0x00000000e8100000,0x00000000e8100000)
  from space 24064K, 23% used [0x00000000e8100000,0x00000000e868a6a8,0x00000000e9880000)
  to   space 23552K, 0% used [0x00000000ebc80000,0x00000000ebc80000,0x00000000ed380000)
 ParOldGen       total 100864K, used 45048K [0x00000000a0000000, 0x00000000a6280000, 0x00000000e0000000)
  object space 100864K, 44% used [0x00000000a0000000,0x00000000a2bfe340,0x00000000a6280000)
 Metaspace       used 78295K, capacity 82506K, committed 82688K, reserved 1120256K
  class space    used 10160K, capacity 10928K, committed 11008K, reserved 1048576K
Event: 3503.097 GC heap after
Heap after GC invocations=31 (full 3):
 PSYoungGen      total 190976K, used 5827K [0x00000000e0000000, 0x00000000ed200000, 0x0000000100000000)
  eden space 168960K, 0% used [0x00000000e0000000,0x00000000e0000000,0x00000000ea500000)
  from space 22016K, 26% used [0x00000000ebc80000,0x00000000ec230fb0,0x00000000ed200000)
  to   space 23040K, 0% used [0x00000000ea500000,0x00000000ea500000,0x00000000ebb80000)
 ParOldGen       total 100864K, used 45168K [0x00000000a0000000, 0x00000000a6280000, 0x00000000e0000000)
  object space 100864K, 44% used [0x00000000a0000000,0x00000000a2c1c340,0x00000000a6280000)
 Metaspace       used 78295K, capacity 82506K, committed 82688K, reserved 1120256K
  class space    used 10160K, capacity 10928K, committed 11008K, reserved 1048576K
}
Event: 5252.130 GC heap before
{Heap before GC invocations=32 (full 3):
 PSYoungGen      total 190976K, used 174787K [0x00000000e0000000, 0x00000000ed200000, 0x0000000100000000)
  eden space 168960K, 100% used [0x00000000e0000000,0x00000000ea500000,0x00000000ea500000)
  from space 22016K, 26% used [0x00000000ebc80000,0x00000000ec230fb0,0x00000000ed200000)
  to   space 23040K, 0% used [0x00000000ea500000,0x00000000ea500000,0x00000000ebb80000)
 ParOldGen       total 100864K, used 45168K [0x00000000a0000000, 0x00000000a6280000, 0x00000000e0000000)
  object space 100864K, 44% used [0x00000000a0000000,0x00000000a2c1c340,0x00000000a6280000)
 Metaspace       used 80889K, capacity 85158K, committed 85248K, reserved 1124352K
  class space    used 10409K, capacity 11194K, committed 11264K, reserved 1048576K
Event: 5252.291 GC heap after
Heap after GC invocations=32 (full 3):
 PSYoungGen      total 192000K, used 17697K [0x00000000e0000000, 0x00000000ed200000, 0x0000000100000000)
  eden space 168960K, 0% used [0x00000000e0000000,0x00000000e0000000,0x00000000ea500000)
  from space 23040K, 76% used [0x00000000ea500000,0x00000000eb6486c0,0x00000000ebb80000)
  to   space 22016K, 0% used [0x00000000ebc80000,0x00000000ebc80000,0x00000000ed200000)
 ParOldGen       total 100864K, used 45176K [0x00000000a0000000, 0x00000000a6280000, 0x00000000e0000000)
  object space 100864K, 44% used [0x00000000a0000000,0x00000000a2c1e340,0x00000000a6280000)
 Metaspace       used 80889K, capacity 85158K, committed 85248K, reserved 1124352K
  class space    used 10409K, capacity 11194K, committed 11264K, reserved 1048576K
}

