# JRE version: OpenJDK Runtime Environment (8.0_152-b02) (build 1.8.0_152-release-1024-b02)
# Java VM: OpenJDK 64-Bit Server VM (25.152-b02 mixed mode windows-amd64 compressed oops)
Heap:
 PSYoungGen      total 225280K, used 170469K [0x00000000e0000000, 0x00000000f0d00000, 0x0000000100000000)
  eden space 205824K, 77% used [0x00000000e0000000,0x00000000e9ae3f20,0x00000000ec900000)
  from space 19456K, 60% used [0x00000000edc00000,0x00000000ee7957d8,0x00000000eef00000)
  to   space 19456K, 0% used [0x00000000ec900000,0x00000000ec900000,0x00000000edc00000)
 ParOldGen       total 95744K, used 44268K [0x00000000a0000000, 0x00000000a5d80000, 0x00000000e0000000)
  object space 95744K, 46% used [0x00000000a0000000,0x00000000a2b3b050,0x00000000a5d80000)
 Metaspace       used 66320K, capacity 68394K, committed 68568K, reserved 1107968K
  class space    used 8711K, capacity 9164K, committed 9216K, reserved 1048576K
GC Heap History (10 events):
Event: 40.505 GC heap before
{Heap before GC invocations=17 (full 2):
 PSYoungGen      total 150528K, used 85408K [0x00000000e0000000, 0x00000000ea500000, 0x0000000100000000)
  eden space 139264K, 54% used [0x00000000e0000000,0x00000000e4aa95e8,0x00000000e8800000)
  from space 11264K, 79% used [0x00000000e9a00000,0x00000000ea2beba0,0x00000000ea500000)
  to   space 14848K, 0% used [0x00000000e8800000,0x00000000e8800000,0x00000000e9680000)
 ParOldGen       total 54272K, used 28818K [0x00000000a0000000, 0x00000000a3500000, 0x00000000e0000000)
  object space 54272K, 53% used [0x00000000a0000000,0x00000000a1c24bc8,0x00000000a3500000)
 Metaspace       used 57200K, capacity 58844K, committed 59028K, reserved 1099776K
  class space    used 7718K, capacity 8117K, committed 8192K, reserved 1048576K
Event: 40.615 GC heap after
Heap after GC invocations=17 (full 2):
 PSYoungGen      total 154112K, used 14835K [0x00000000e0000000, 0x00000000edb80000, 0x0000000100000000)
  eden space 139264K, 0% used [0x00000000e0000000,0x00000000e0000000,0x00000000e8800000)
  from space 14848K, 99% used [0x00000000e8800000,0x00000000e967cf08,0x00000000e9680000)
  to   space 18944K, 0% used [0x00000000ec900000,0x00000000ec900000,0x00000000edb80000)
 ParOldGen       total 54272K, used 33852K [0x00000000a0000000, 0x00000000a3500000, 0x00000000e0000000)
  object space 54272K, 62% used [0x00000000a0000000,0x00000000a210f0b0,0x00000000a3500000)
 Metaspace       used 57200K, capacity 58844K, committed 59028K, reserved 1099776K
  class space    used 7718K, capacity 8117K, committed 8192K, reserved 1048576K
}
Event: 40.615 GC heap before
{Heap before GC invocations=18 (full 3):
 PSYoungGen      total 154112K, used 14835K [0x00000000e0000000, 0x00000000edb80000, 0x0000000100000000)
  eden space 139264K, 0% used [0x00000000e0000000,0x00000000e0000000,0x00000000e8800000)
  from space 14848K, 99% used [0x00000000e8800000,0x00000000e967cf08,0x00000000e9680000)
  to   space 18944K, 0% used [0x00000000ec900000,0x00000000ec900000,0x00000000edb80000)
 ParOldGen       total 54272K, used 33852K [0x00000000a0000000, 0x00000000a3500000, 0x00000000e0000000)
  object space 54272K, 62% used [0x00000000a0000000,0x00000000a210f0b0,0x00000000a3500000)
 Metaspace       used 57200K, capacity 58844K, committed 59028K, reserved 1099776K
  class space    used 7718K, capacity 8117K, committed 8192K, reserved 1048576K
Event: 41.091 GC heap after
Heap after GC invocations=18 (full 3):
 PSYoungGen      total 154112K, used 0K [0x00000000e0000000, 0x00000000edb80000, 0x0000000100000000)
  eden space 139264K, 0% used [0x00000000e0000000,0x00000000e0000000,0x00000000e8800000)
  from space 14848K, 0% used [0x00000000e8800000,0x00000000e8800000,0x00000000e9680000)
  to   space 18944K, 0% used [0x00000000ec900000,0x00000000ec900000,0x00000000edb80000)
 ParOldGen       total 95744K, used 44236K [0x00000000a0000000, 0x00000000a5d80000, 0x00000000e0000000)
  object space 95744K, 46% used [0x00000000a0000000,0x00000000a2b33050,0x00000000a5d80000)
 Metaspace       used 57200K, capacity 58844K, committed 59028K, reserved 1099776K
  class space    used 7718K, capacity 8117K, committed 8192K, reserved 1048576K
}
Event: 76.782 GC heap before
{Heap before GC invocations=19 (full 3):
 PSYoungGen      total 154112K, used 139264K [0x00000000e0000000, 0x00000000edb80000, 0x0000000100000000)
  eden space 139264K, 100% used [0x00000000e0000000,0x00000000e8800000,0x00000000e8800000)
  from space 14848K, 0% used [0x00000000e8800000,0x00000000e8800000,0x00000000e9680000)
  to   space 18944K, 0% used [0x00000000ec900000,0x00000000ec900000,0x00000000edb80000)
 ParOldGen       total 95744K, used 44236K [0x00000000a0000000, 0x00000000a5d80000, 0x00000000e0000000)
  object space 95744K, 46% used [0x00000000a0000000,0x00000000a2b33050,0x00000000a5d80000)
 Metaspace       used 62626K, capacity 64396K, committed 64600K, reserved 1105920K
  class space    used 8355K, capacity 8769K, committed 8832K, reserved 1048576K
Event: 76.803 GC heap after
Heap after GC invocations=19 (full 3):
 PSYoungGen      total 186880K, used 10220K [0x00000000e0000000, 0x00000000ed300000, 0x0000000100000000)
  eden space 176640K, 0% used [0x00000000e0000000,0x00000000e0000000,0x00000000eac80000)
  from space 10240K, 99% used [0x00000000ec900000,0x00000000ed2fb248,0x00000000ed300000)
  to   space 18432K, 0% used [0x00000000eaf00000,0x00000000eaf00000,0x00000000ec100000)
 ParOldGen       total 95744K, used 44244K [0x00000000a0000000, 0x00000000a5d80000, 0x00000000e0000000)
  object space 95744K, 46% used [0x00000000a0000000,0x00000000a2b35050,0x00000000a5d80000)
 Metaspace       used 62626K, capacity 64396K, committed 64600K, reserved 1105920K
  class space    used 8355K, capacity 8769K, committed 8832K, reserved 1048576K
}
Event: 84.033 GC heap before
{Heap before GC invocations=20 (full 3):
 PSYoungGen      total 186880K, used 186426K [0x00000000e0000000, 0x00000000ed300000, 0x0000000100000000)
  eden space 176640K, 99% used [0x00000000e0000000,0x00000000eac13660,0x00000000eac80000)
  from space 10240K, 99% used [0x00000000ec900000,0x00000000ed2fb248,0x00000000ed300000)
  to   space 18432K, 0% used [0x00000000eaf00000,0x00000000eaf00000,0x00000000ec100000)
 ParOldGen       total 95744K, used 44244K [0x00000000a0000000, 0x00000000a5d80000, 0x00000000e0000000)
  object space 95744K, 46% used [0x00000000a0000000,0x00000000a2b35050,0x00000000a5d80000)
 Metaspace       used 65670K, capacity 67688K, committed 67928K, reserved 1107968K
  class space    used 8632K, capacity 9073K, committed 9088K, reserved 1048576K
Event: 84.069 GC heap after
Heap after GC invocations=20 (full 3):
 PSYoungGen      total 197632K, used 13541K [0x00000000e0000000, 0x00000000eef00000, 0x0000000100000000)
  eden space 179200K, 0% used [0x00000000e0000000,0x00000000e0000000,0x00000000eaf00000)
  from space 18432K, 73% used [0x00000000eaf00000,0x00000000ebc39538,0x00000000ec100000)
  to   space 19456K, 0% used [0x00000000edc00000,0x00000000edc00000,0x00000000eef00000)
 ParOldGen       total 95744K, used 44260K [0x00000000a0000000, 0x00000000a5d80000, 0x00000000e0000000)
  object space 95744K, 46% used [0x00000000a0000000,0x00000000a2b39050,0x00000000a5d80000)
 Metaspace       used 65670K, capacity 67688K, committed 67928K, reserved 1107968K
  class space    used 8632K, capacity 9073K, committed 9088K, reserved 1048576K
}
Event: 84.140 GC heap before
{Heap before GC invocations=21 (full 3):
 PSYoungGen      total 197632K, used 191796K [0x00000000e0000000, 0x00000000eef00000, 0x0000000100000000)
  eden space 179200K, 99% used [0x00000000e0000000,0x00000000eae13c60,0x00000000eaf00000)
  from space 18432K, 73% used [0x00000000eaf00000,0x00000000ebc39538,0x00000000ec100000)
  to   space 19456K, 0% used [0x00000000edc00000,0x00000000edc00000,0x00000000eef00000)
 ParOldGen       total 95744K, used 44260K [0x00000000a0000000, 0x00000000a5d80000, 0x00000000e0000000)
  object space 95744K, 46% used [0x00000000a0000000,0x00000000a2b39050,0x00000000a5d80000)
 Metaspace       used 65678K, capacity 67688K, committed 67928K, reserved 1107968K
  class space    used 8632K, capacity 9073K, committed 9088K, reserved 1048576K
Event: 84.156 GC heap after
Heap after GC invocations=21 (full 3):
 PSYoungGen      total 225280K, used 11861K [0x00000000e0000000, 0x00000000f0d00000, 0x0000000100000000)
  eden space 205824K, 0% used [0x00000000e0000000,0x00000000e0000000,0x00000000ec900000)
  from space 19456K, 60% used [0x00000000edc00000,0x00000000ee7957d8,0x00000000eef00000)
  to   space 19456K, 0% used [0x00000000ec900000,0x00000000ec900000,0x00000000edc00000)
 ParOldGen       total 95744K, used 44268K [0x00000000a0000000, 0x00000000a5d80000, 0x00000000e0000000)
  object space 95744K, 46% used [0x00000000a0000000,0x00000000a2b3b050,0x00000000a5d80000)
 Metaspace       used 65678K, capacity 67688K, committed 67928K, reserved 1107968K
  class space    used 8632K, capacity 9073K, committed 9088K, reserved 1048576K
}

